# JRE version: OpenJDK Runtime Environment Temurin-17.0.13+11 (17.0.13+11) (build 17.0.13+11)
# Java VM: OpenJDK 64-Bit Server VM Temurin-17.0.13+11 (17.0.13+11, mixed mode, sharing, tiered, compressed oops, compressed class ptrs, g1 gc, windows-amd64)
GC Precious Log:
 CPUs: 8 total, 8 available
 Memory: 8067M
 Large Page Support: Disabled
 NUMA Support: Disabled
 Compressed Oops: Enabled (32-bit)
 Heap Region Size: 1M
 Heap Min Capacity: 8M
 Heap Initial Capacity: 128M
 Heap Max Capacity: 2018M
 Pre-touch: Disabled
 Parallel Workers: 8
 Concurrent Workers: 2
 Concurrent Refinement Workers: 8
 Periodic GC: Disabled
Heap:
 garbage-first heap   total 61440K, used 30863K [0x0000000081e00000, 0x0000000100000000)
  region size 1024K, 3 young (3072K), 3 survivors (3072K)
 Metaspace       used 46842K, committed 47360K, reserved 1114112K
  class space    used 5711K, committed 5952K, reserved 1048576K
GC Heap History (20 events):
Event: 173.894 GC heap after
{Heap after GC invocations=33 (full 0):
 garbage-first heap   total 61440K, used 24104K [0x0000000081e00000, 0x0000000100000000)
  region size 1024K, 1 young (1024K), 1 survivors (1024K)
 Metaspace       used 29408K, committed 29760K, reserved 1114112K
  class space    used 3358K, committed 3520K, reserved 1048576K
}
Event: 180.742 GC heap before
{Heap before GC invocations=33 (full 0):
 garbage-first heap   total 61440K, used 52776K [0x0000000081e00000, 0x0000000100000000)
  region size 1024K, 29 young (29696K), 1 survivors (1024K)
 Metaspace       used 29408K, committed 29760K, reserved 1114112K
  class space    used 3358K, committed 3520K, reserved 1048576K
}
Event: 180.743 GC heap after
{Heap after GC invocations=34 (full 0):
 garbage-first heap   total 61440K, used 24104K [0x0000000081e00000, 0x0000000100000000)
  region size 1024K, 1 young (1024K), 1 survivors (1024K)
 Metaspace       used 29408K, committed 29760K, reserved 1114112K
  class space    used 3358K, committed 3520K, reserved 1048576K
}
Event: 186.784 GC heap before
{Heap before GC invocations=34 (full 0):
 garbage-first heap   total 61440K, used 51752K [0x0000000081e00000, 0x0000000100000000)
  region size 1024K, 29 young (29696K), 1 survivors (1024K)
 Metaspace       used 29471K, committed 29824K, reserved 1114112K
  class space    used 3367K, committed 3520K, reserved 1048576K
}
Event: 186.789 GC heap after
{Heap after GC invocations=35 (full 0):
 garbage-first heap   total 61440K, used 24265K [0x0000000081e00000, 0x0000000100000000)
  region size 1024K, 1 young (1024K), 1 survivors (1024K)
 Metaspace       used 29471K, committed 29824K, reserved 1114112K
  class space    used 3367K, committed 3520K, reserved 1048576K
}
Event: 188.669 GC heap before
{Heap before GC invocations=35 (full 0):
 garbage-first heap   total 61440K, used 52937K [0x0000000081e00000, 0x0000000100000000)
  region size 1024K, 29 young (29696K), 1 survivors (1024K)
 Metaspace       used 34849K, committed 35264K, reserved 1114112K
  class space    used 3955K, committed 4160K, reserved 1048576K
}
Event: 188.682 GC heap after
{Heap after GC invocations=36 (full 0):
 garbage-first heap   total 61440K, used 26577K [0x0000000081e00000, 0x0000000100000000)
  region size 1024K, 3 young (3072K), 3 survivors (3072K)
 Metaspace       used 34849K, committed 35264K, reserved 1114112K
  class space    used 3955K, committed 4160K, reserved 1048576K
}
Event: 188.910 GC heap before
{Heap before GC invocations=36 (full 0):
 garbage-first heap   total 61440K, used 39889K [0x0000000081e00000, 0x0000000100000000)
  region size 1024K, 17 young (17408K), 3 survivors (3072K)
 Metaspace       used 35641K, committed 35968K, reserved 1114112K
  class space    used 4048K, committed 4224K, reserved 1048576K
}
Event: 188.977 GC heap after
{Heap after GC invocations=37 (full 0):
 garbage-first heap   total 61440K, used 28538K [0x0000000081e00000, 0x0000000100000000)
  region size 1024K, 2 young (2048K), 2 survivors (2048K)
 Metaspace       used 35641K, committed 35968K, reserved 1114112K
  class space    used 4048K, committed 4224K, reserved 1048576K
}
Event: 189.477 GC heap before
{Heap before GC invocations=38 (full 0):
 garbage-first heap   total 61440K, used 49018K [0x0000000081e00000, 0x0000000100000000)
  region size 1024K, 22 young (22528K), 2 survivors (2048K)
 Metaspace       used 38072K, committed 38400K, reserved 1114112K
  class space    used 4621K, committed 4800K, reserved 1048576K
}
Event: 189.495 GC heap after
{Heap after GC invocations=39 (full 0):
 garbage-first heap   total 61440K, used 30649K [0x0000000081e00000, 0x0000000100000000)
  region size 1024K, 2 young (2048K), 2 survivors (2048K)
 Metaspace       used 38072K, committed 38400K, reserved 1114112K
  class space    used 4621K, committed 4800K, reserved 1048576K
}
Event: 189.518 GC heap before
{Heap before GC invocations=39 (full 0):
 garbage-first heap   total 61440K, used 31673K [0x0000000081e00000, 0x0000000100000000)
  region size 1024K, 3 young (3072K), 2 survivors (2048K)
 Metaspace       used 38126K, committed 38464K, reserved 1114112K
  class space    used 4636K, committed 4800K, reserved 1048576K
}
Event: 189.533 GC heap after
{Heap after GC invocations=40 (full 0):
 garbage-first heap   total 61440K, used 28714K [0x0000000081e00000, 0x0000000100000000)
  region size 1024K, 1 young (1024K), 1 survivors (1024K)
 Metaspace       used 38126K, committed 38464K, reserved 1114112K
  class space    used 4636K, committed 4800K, reserved 1048576K
}
Event: 195.409 GC heap before
{Heap before GC invocations=40 (full 0):
 garbage-first heap   total 61440K, used 49194K [0x0000000081e00000, 0x0000000100000000)
  region size 1024K, 21 young (21504K), 1 survivors (1024K)
 Metaspace       used 41192K, committed 41664K, reserved 1114112K
  class space    used 5103K, committed 5312K, reserved 1048576K
}
Event: 195.413 GC heap after
{Heap after GC invocations=41 (full 0):
 garbage-first heap   total 61440K, used 29559K [0x0000000081e00000, 0x0000000100000000)
  region size 1024K, 2 young (2048K), 2 survivors (2048K)
 Metaspace       used 41192K, committed 41664K, reserved 1114112K
  class space    used 5103K, committed 5312K, reserved 1048576K
}
Event: 213.205 GC heap before
{Heap before GC invocations=42 (full 0):
 garbage-first heap   total 61440K, used 49015K [0x0000000081e00000, 0x0000000100000000)
  region size 1024K, 21 young (21504K), 2 survivors (2048K)
 Metaspace       used 43136K, committed 43712K, reserved 1114112K
  class space    used 5292K, committed 5568K, reserved 1048576K
}
Event: 213.208 GC heap after
{Heap after GC invocations=43 (full 0):
 garbage-first heap   total 61440K, used 29930K [0x0000000081e00000, 0x0000000100000000)
  region size 1024K, 2 young (2048K), 2 survivors (2048K)
 Metaspace       used 43136K, committed 43712K, reserved 1114112K
  class space    used 5292K, committed 5568K, reserved 1048576K
}
Event: 218.231 GC heap before
{Heap before GC invocations=43 (full 0):
 garbage-first heap   total 61440K, used 49386K [0x0000000081e00000, 0x0000000100000000)
  region size 1024K, 22 young (22528K), 2 survivors (2048K)
 Metaspace       used 43732K, committed 44288K, reserved 1114112K
  class space    used 5350K, committed 5632K, reserved 1048576K
}
Event: 218.241 GC heap after
{Heap after GC invocations=44 (full 0):
 garbage-first heap   total 61440K, used 30004K [0x0000000081e00000, 0x0000000100000000)
  region size 1024K, 2 young (2048K), 2 survivors (2048K)
 Metaspace       used 43732K, committed 44288K, reserved 1114112K
  class space    used 5350K, committed 5632K, reserved 1048576K
}
Event: 221.132 GC heap before
{Heap before GC invocations=45 (full 0):
 garbage-first heap   total 61440K, used 50484K [0x0000000081e00000, 0x0000000100000000)
  region size 1024K, 22 young (22528K), 2 survivors (2048K)
 Metaspace       used 46842K, committed 47360K, reserved 1114112K
  class space    used 5711K, committed 5952K, reserved 1048576K
}

