# JRE version: OpenJDK Runtime Environment Temurin-17.0.13+11 (17.0.13+11) (build 17.0.13+11)
# Java VM: OpenJDK 64-Bit Server VM Temurin-17.0.13+11 (17.0.13+11, mixed mode, sharing, tiered, compressed oops, compressed class ptrs, g1 gc, windows-amd64)
GC Precious Log:
 CPUs: 8 total, 8 available
 Memory: 8067M
 Large Page Support: Disabled
 NUMA Support: Disabled
 Compressed Oops: Enabled (32-bit)
 Heap Region Size: 1M
 Heap Min Capacity: 8M
 Heap Initial Capacity: 128M
 Heap Max Capacity: 2018M
 Pre-touch: Disabled
 Parallel Workers: 8
 Concurrent Workers: 2
 Concurrent Refinement Workers: 8
 Periodic GC: Disabled
Heap:
 garbage-first heap   total 65536K, used 30305K [0x0000000081e00000, 0x0000000100000000)
  region size 1024K, 1 young (1024K), 1 survivors (1024K)
 Metaspace       used 45115K, committed 45696K, reserved 1114112K
  class space    used 5509K, committed 5760K, reserved 1048576K
GC Heap History (20 events):
Event: 75.666 GC heap after
{Heap after GC invocations=30 (full 0):
 garbage-first heap   total 65536K, used 23798K [0x0000000081e00000, 0x0000000100000000)
  region size 1024K, 1 young (1024K), 1 survivors (1024K)
 Metaspace       used 29378K, committed 29696K, reserved 1114112K
  class space    used 3360K, committed 3520K, reserved 1048576K
}
Event: 78.445 GC heap before
{Heap before GC invocations=30 (full 0):
 garbage-first heap   total 65536K, used 55542K [0x0000000081e00000, 0x0000000100000000)
  region size 1024K, 32 young (32768K), 1 survivors (1024K)
 Metaspace       used 29378K, committed 29696K, reserved 1114112K
  class space    used 3360K, committed 3520K, reserved 1048576K
}
Event: 78.446 GC heap after
{Heap after GC invocations=31 (full 0):
 garbage-first heap   total 65536K, used 23796K [0x0000000081e00000, 0x0000000100000000)
  region size 1024K, 1 young (1024K), 1 survivors (1024K)
 Metaspace       used 29378K, committed 29696K, reserved 1114112K
  class space    used 3360K, committed 3520K, reserved 1048576K
}
Event: 81.469 GC heap before
{Heap before GC invocations=31 (full 0):
 garbage-first heap   total 65536K, used 55540K [0x0000000081e00000, 0x0000000100000000)
  region size 1024K, 32 young (32768K), 1 survivors (1024K)
 Metaspace       used 29378K, committed 29696K, reserved 1114112K
  class space    used 3360K, committed 3520K, reserved 1048576K
}
Event: 81.470 GC heap after
{Heap after GC invocations=32 (full 0):
 garbage-first heap   total 65536K, used 23796K [0x0000000081e00000, 0x0000000100000000)
  region size 1024K, 1 young (1024K), 1 survivors (1024K)
 Metaspace       used 29378K, committed 29696K, reserved 1114112K
  class space    used 3360K, committed 3520K, reserved 1048576K
}
Event: 82.901 GC heap before
{Heap before GC invocations=32 (full 0):
 garbage-first heap   total 65536K, used 54516K [0x0000000081e00000, 0x0000000100000000)
  region size 1024K, 32 young (32768K), 1 survivors (1024K)
 Metaspace       used 34320K, committed 34688K, reserved 1114112K
  class space    used 3908K, committed 4096K, reserved 1048576K
}
Event: 82.906 GC heap after
{Heap after GC invocations=33 (full 0):
 garbage-first heap   total 65536K, used 25773K [0x0000000081e00000, 0x0000000100000000)
  region size 1024K, 2 young (2048K), 2 survivors (2048K)
 Metaspace       used 34320K, committed 34688K, reserved 1114112K
  class space    used 3908K, committed 4096K, reserved 1048576K
}
Event: 83.240 GC heap before
{Heap before GC invocations=33 (full 0):
 garbage-first heap   total 65536K, used 46253K [0x0000000081e00000, 0x0000000100000000)
  region size 1024K, 23 young (23552K), 2 survivors (2048K)
 Metaspace       used 35671K, committed 36096K, reserved 1114112K
  class space    used 4057K, committed 4288K, reserved 1048576K
}
Event: 83.247 GC heap after
{Heap after GC invocations=34 (full 0):
 garbage-first heap   total 65536K, used 27910K [0x0000000081e00000, 0x0000000100000000)
  region size 1024K, 4 young (4096K), 4 survivors (4096K)
 Metaspace       used 35671K, committed 36096K, reserved 1114112K
  class space    used 4057K, committed 4288K, reserved 1048576K
}
Event: 83.709 GC heap before
{Heap before GC invocations=35 (full 0):
 garbage-first heap   total 65536K, used 53510K [0x0000000081e00000, 0x0000000100000000)
  region size 1024K, 29 young (29696K), 4 survivors (4096K)
 Metaspace       used 38692K, committed 39104K, reserved 1114112K
  class space    used 4731K, committed 4928K, reserved 1048576K
}
Event: 83.716 GC heap after
{Heap after GC invocations=36 (full 0):
 garbage-first heap   total 65536K, used 30180K [0x0000000081e00000, 0x0000000100000000)
  region size 1024K, 3 young (3072K), 3 survivors (3072K)
 Metaspace       used 38692K, committed 39104K, reserved 1114112K
  class space    used 4731K, committed 4928K, reserved 1048576K
}
Event: 83.733 GC heap before
{Heap before GC invocations=36 (full 0):
 garbage-first heap   total 65536K, used 31204K [0x0000000081e00000, 0x0000000100000000)
  region size 1024K, 4 young (4096K), 3 survivors (3072K)
 Metaspace       used 38861K, committed 39232K, reserved 1114112K
  class space    used 4743K, committed 4928K, reserved 1048576K
}
Event: 83.737 GC heap after
{Heap after GC invocations=37 (full 0):
 garbage-first heap   total 65536K, used 29597K [0x0000000081e00000, 0x0000000100000000)
  region size 1024K, 1 young (1024K), 1 survivors (1024K)
 Metaspace       used 38861K, committed 39232K, reserved 1114112K
  class space    used 4743K, committed 4928K, reserved 1048576K
}
Event: 95.881 GC heap before
{Heap before GC invocations=37 (full 0):
 garbage-first heap   total 65536K, used 52125K [0x0000000081e00000, 0x0000000100000000)
  region size 1024K, 23 young (23552K), 1 survivors (1024K)
 Metaspace       used 41405K, committed 41856K, reserved 1114112K
  class space    used 5130K, committed 5312K, reserved 1048576K
}
Event: 95.885 GC heap after
{Heap after GC invocations=38 (full 0):
 garbage-first heap   total 65536K, used 30168K [0x0000000081e00000, 0x0000000100000000)
  region size 1024K, 1 young (1024K), 1 survivors (1024K)
 Metaspace       used 41405K, committed 41856K, reserved 1114112K
  class space    used 5130K, committed 5312K, reserved 1048576K
}
Event: 108.276 GC heap before
{Heap before GC invocations=39 (full 0):
 garbage-first heap   total 65536K, used 52696K [0x0000000081e00000, 0x0000000100000000)
  region size 1024K, 23 young (23552K), 1 survivors (1024K)
 Metaspace       used 43300K, committed 43840K, reserved 1114112K
  class space    used 5302K, committed 5568K, reserved 1048576K
}
Event: 108.282 GC heap after
{Heap after GC invocations=40 (full 0):
 garbage-first heap   total 65536K, used 30578K [0x0000000081e00000, 0x0000000100000000)
  region size 1024K, 2 young (2048K), 2 survivors (2048K)
 Metaspace       used 43300K, committed 43840K, reserved 1114112K
  class space    used 5302K, committed 5568K, reserved 1048576K
}
Event: 108.503 GC heap before
{Heap before GC invocations=40 (full 0):
 garbage-first heap   total 65536K, used 31602K [0x0000000081e00000, 0x0000000100000000)
  region size 1024K, 3 young (3072K), 2 survivors (2048K)
 Metaspace       used 43305K, committed 43840K, reserved 1114112K
  class space    used 5302K, committed 5568K, reserved 1048576K
}
Event: 108.510 GC heap after
{Heap after GC invocations=41 (full 0):
 garbage-first heap   total 65536K, used 29726K [0x0000000081e00000, 0x0000000100000000)
  region size 1024K, 1 young (1024K), 1 survivors (1024K)
 Metaspace       used 43305K, committed 43840K, reserved 1114112K
  class space    used 5302K, committed 5568K, reserved 1048576K
}
Event: 110.802 GC heap before
{Heap before GC invocations=41 (full 0):
 garbage-first heap   total 65536K, used 53278K [0x0000000081e00000, 0x0000000100000000)
  region size 1024K, 24 young (24576K), 1 survivors (1024K)
 Metaspace       used 45115K, committed 45696K, reserved 1114112K
  class space    used 5509K, committed 5760K, reserved 1048576K
}

