# JRE version: OpenJDK Runtime Environment Temurin-17.0.13+11 (17.0.13+11) (build 17.0.13+11)
# Java VM: OpenJDK 64-Bit Server VM Temurin-17.0.13+11 (17.0.13+11, mixed mode, sharing, tiered, compressed oops, compressed class ptrs, g1 gc, windows-amd64)
GC Precious Log:
 CPUs: 8 total, 8 available
 Memory: 8067M
 Large Page Support: Disabled
 NUMA Support: Disabled
 Compressed Oops: Enabled (32-bit)
 Heap Region Size: 1M
 Heap Min Capacity: 8M
 Heap Initial Capacity: 128M
 Heap Max Capacity: 2018M
 Pre-touch: Disabled
 Parallel Workers: 8
 Concurrent Workers: 2
 Concurrent Refinement Workers: 8
 Periodic GC: Disabled
Heap:
 garbage-first heap   total 58368K, used 30065K [0x0000000081e00000, 0x0000000100000000)
  region size 1024K, 2 young (2048K), 2 survivors (2048K)
 Metaspace       used 44045K, committed 44608K, reserved 1114112K
  class space    used 5400K, committed 5632K, reserved 1048576K
GC Heap History (20 events):
Event: 83.125 GC heap after
{Heap after GC invocations=37 (full 0):
 garbage-first heap   total 58368K, used 24591K [0x0000000081e00000, 0x0000000100000000)
  region size 1024K, 1 young (1024K), 1 survivors (1024K)
 Metaspace       used 29394K, committed 29760K, reserved 1114112K
  class space    used 3360K, committed 3520K, reserved 1048576K
}
Event: 85.467 GC heap before
{Heap before GC invocations=37 (full 0):
 garbage-first heap   total 58368K, used 49167K [0x0000000081e00000, 0x0000000100000000)
  region size 1024K, 25 young (25600K), 1 survivors (1024K)
 Metaspace       used 29394K, committed 29760K, reserved 1114112K
  class space    used 3360K, committed 3520K, reserved 1048576K
}
Event: 85.468 GC heap after
{Heap after GC invocations=38 (full 0):
 garbage-first heap   total 58368K, used 24591K [0x0000000081e00000, 0x0000000100000000)
  region size 1024K, 1 young (1024K), 1 survivors (1024K)
 Metaspace       used 29394K, committed 29760K, reserved 1114112K
  class space    used 3360K, committed 3520K, reserved 1048576K
}
Event: 87.727 GC heap before
{Heap before GC invocations=38 (full 0):
 garbage-first heap   total 58368K, used 48143K [0x0000000081e00000, 0x0000000100000000)
  region size 1024K, 25 young (25600K), 1 survivors (1024K)
 Metaspace       used 29730K, committed 30080K, reserved 1114112K
  class space    used 3398K, committed 3584K, reserved 1048576K
}
Event: 87.728 GC heap after
{Heap after GC invocations=39 (full 0):
 garbage-first heap   total 58368K, used 25245K [0x0000000081e00000, 0x0000000100000000)
  region size 1024K, 1 young (1024K), 1 survivors (1024K)
 Metaspace       used 29730K, committed 30080K, reserved 1114112K
  class space    used 3398K, committed 3584K, reserved 1048576K
}
Event: 88.607 GC heap before
{Heap before GC invocations=39 (full 0):
 garbage-first heap   total 58368K, used 48797K [0x0000000081e00000, 0x0000000100000000)
  region size 1024K, 25 young (25600K), 1 survivors (1024K)
 Metaspace       used 34643K, committed 35072K, reserved 1114112K
  class space    used 3939K, committed 4160K, reserved 1048576K
}
Event: 88.615 GC heap after
{Heap after GC invocations=40 (full 0):
 garbage-first heap   total 58368K, used 26762K [0x0000000081e00000, 0x0000000100000000)
  region size 1024K, 3 young (3072K), 3 survivors (3072K)
 Metaspace       used 34643K, committed 35072K, reserved 1114112K
  class space    used 3939K, committed 4160K, reserved 1048576K
}
Event: 88.878 GC heap before
{Heap before GC invocations=40 (full 0):
 garbage-first heap   total 58368K, used 41098K [0x0000000081e00000, 0x0000000100000000)
  region size 1024K, 18 young (18432K), 3 survivors (3072K)
 Metaspace       used 35609K, committed 35968K, reserved 1114112K
  class space    used 4050K, committed 4224K, reserved 1048576K
}
Event: 88.886 GC heap after
{Heap after GC invocations=41 (full 0):
 garbage-first heap   total 58368K, used 28652K [0x0000000081e00000, 0x0000000100000000)
  region size 1024K, 3 young (3072K), 3 survivors (3072K)
 Metaspace       used 35609K, committed 35968K, reserved 1114112K
  class space    used 4050K, committed 4224K, reserved 1048576K
}
Event: 89.148 GC heap before
{Heap before GC invocations=42 (full 0):
 garbage-first heap   total 58368K, used 47084K [0x0000000081e00000, 0x0000000100000000)
  region size 1024K, 21 young (21504K), 3 survivors (3072K)
 Metaspace       used 37865K, committed 38208K, reserved 1114112K
  class space    used 4595K, committed 4800K, reserved 1048576K
}
Event: 89.158 GC heap after
{Heap after GC invocations=43 (full 0):
 garbage-first heap   total 58368K, used 30172K [0x0000000081e00000, 0x0000000100000000)
  region size 1024K, 2 young (2048K), 2 survivors (2048K)
 Metaspace       used 37865K, committed 38208K, reserved 1114112K
  class space    used 4595K, committed 4800K, reserved 1048576K
}
Event: 89.176 GC heap before
{Heap before GC invocations=43 (full 0):
 garbage-first heap   total 58368K, used 31196K [0x0000000081e00000, 0x0000000100000000)
  region size 1024K, 3 young (3072K), 2 survivors (2048K)
 Metaspace       used 37960K, committed 38400K, reserved 1114112K
  class space    used 4604K, committed 4800K, reserved 1048576K
}
Event: 89.185 GC heap after
{Heap after GC invocations=44 (full 0):
 garbage-first heap   total 58368K, used 28009K [0x0000000081e00000, 0x0000000100000000)
  region size 1024K, 1 young (1024K), 1 survivors (1024K)
 Metaspace       used 37960K, committed 38400K, reserved 1114112K
  class space    used 4604K, committed 4800K, reserved 1048576K
}
Event: 90.940 GC heap before
{Heap before GC invocations=44 (full 0):
 garbage-first heap   total 58368K, used 46441K [0x0000000081e00000, 0x0000000100000000)
  region size 1024K, 19 young (19456K), 1 survivors (1024K)
 Metaspace       used 40510K, committed 40896K, reserved 1114112K
  class space    used 4998K, committed 5184K, reserved 1048576K
}
Event: 90.946 GC heap after
{Heap after GC invocations=45 (full 0):
 garbage-first heap   total 58368K, used 28974K [0x0000000081e00000, 0x0000000100000000)
  region size 1024K, 2 young (2048K), 2 survivors (2048K)
 Metaspace       used 40510K, committed 40896K, reserved 1114112K
  class space    used 4998K, committed 5184K, reserved 1048576K
}
Event: 113.333 GC heap before
{Heap before GC invocations=46 (full 0):
 garbage-first heap   total 58368K, used 46382K [0x0000000081e00000, 0x0000000100000000)
  region size 1024K, 19 young (19456K), 2 survivors (2048K)
 Metaspace       used 43028K, committed 43584K, reserved 1114112K
  class space    used 5293K, committed 5568K, reserved 1048576K
}
Event: 113.449 GC heap after
{Heap after GC invocations=47 (full 0):
 garbage-first heap   total 58368K, used 29616K [0x0000000081e00000, 0x0000000100000000)
  region size 1024K, 3 young (3072K), 3 survivors (3072K)
 Metaspace       used 43028K, committed 43584K, reserved 1114112K
  class space    used 5293K, committed 5568K, reserved 1048576K
}
Event: 120.908 GC heap before
{Heap before GC invocations=47 (full 0):
 garbage-first heap   total 58368K, used 46000K [0x0000000081e00000, 0x0000000100000000)
  region size 1024K, 20 young (20480K), 3 survivors (3072K)
 Metaspace       used 43519K, committed 44032K, reserved 1114112K
  class space    used 5327K, committed 5568K, reserved 1048576K
}
Event: 120.948 GC heap after
{Heap after GC invocations=48 (full 0):
 garbage-first heap   total 58368K, used 29776K [0x0000000081e00000, 0x0000000100000000)
  region size 1024K, 1 young (1024K), 1 survivors (1024K)
 Metaspace       used 43519K, committed 44032K, reserved 1114112K
  class space    used 5327K, committed 5568K, reserved 1048576K
}
Event: 124.956 GC heap before
{Heap before GC invocations=49 (full 0):
 garbage-first heap   total 58368K, used 47184K [0x0000000081e00000, 0x0000000100000000)
  region size 1024K, 19 young (19456K), 1 survivors (1024K)
 Metaspace       used 44045K, committed 44608K, reserved 1114112K
  class space    used 5400K, committed 5632K, reserved 1048576K
}

